2023-09-09 11:39:37,210 [INFO] Activator:176 - 


2023-09-09 11:39:37,215 [INFO] Activator:177 - !SESSION log4j initialized
2023-09-09 11:39:41,600 [INFO] LogOutputStream:77 - [STDOUT_REDIRECT] 
2023-09-09 11:39:45,558 [INFO] ApplicationProperties:184 - Using Application install path: C:\ST\STM32CubeIDE_1.12.1\STM32CubeIDE\plugins\com.st.stm32cube.common.mx_6.8.1.202304191431
2023-09-09 11:39:45,601 [INFO] DbMcusXml:78 - Set database path to: C:\ST\STM32CubeIDE_1.12.1\STM32CubeIDE\plugins\com.st.stm32cube.common.mx_6.8.1.202304191431\\db\/mcu/
2023-09-09 11:39:45,603 [INFO] ApiDb:274 - Set plugin database path to: C:\ST\STM32CubeIDE_1.12.1\STM32CubeIDE\plugins\com.st.stm32cube.common.mx_6.8.1.202304191431\\db\/plugins/boardmanager/
2023-09-09 11:39:45,607 [WARN] ApiDb:259 - Overriding images path with different value:  => C:\ST\STM32CubeIDE_1.12.1\STM32CubeIDE\plugins\com.st.stm32cube.common.mx_6.8.1.202304191431\\db\/plugins/mcufinder/images/
2023-09-09 11:39:45,640 [INFO] ApiDb:250 - Set database path to: C:\Users\Admin\.stmcufinder\plugins\mcufinder//mcu/
2023-09-09 11:39:45,643 [INFO] DbMcusAds:125 - Set database path to: C:\Users\Admin\.stmcufinder\plugins\mcufinder//mcu/
2023-09-09 11:39:46,491 [INFO] CrossReferenceDbSqlite:203 - Set database path to: C:\Users\Admin\.stmcufinder\plugins\mcufinder//mcu/cs/
2023-09-09 11:39:46,875 [INFO] RulesReader:64 - Compatibility file has been processed (293 Rules)
2023-09-09 11:39:47,054 [INFO] DbMcusXml:78 - Set database path to: C:\ST\STM32CubeIDE_1.12.1\STM32CubeIDE\plugins\com.st.stm32cube.common.mx_6.8.1.202304191431\\db\/mcu/
2023-09-09 11:39:47,054 [INFO] ApiDb:274 - Set plugin database path to: C:\ST\STM32CubeIDE_1.12.1\STM32CubeIDE\plugins\com.st.stm32cube.common.mx_6.8.1.202304191431\\db\/plugins/boardmanager/
2023-09-09 11:39:47,055 [INFO] ApiDb:261 - Set plugin images path to: C:\ST\STM32CubeIDE_1.12.1\STM32CubeIDE\plugins\com.st.stm32cube.common.mx_6.8.1.202304191431\\db\/plugins/mcufinder/images/
2023-09-09 11:39:47,056 [WARN] DbFile:41 - Overriding database path with different value: C:\Users\Admin\.stmcufinder\plugins\mcufinder/ => C:\Users\Admin\.stmcufinder\plugins\mcufinder
2023-09-09 11:39:47,056 [INFO] ApiDb:250 - Set database path to: C:\Users\Admin\.stmcufinder\plugins\mcufinder//mcu/
2023-09-09 11:39:47,056 [WARN] DbFile:41 - Overriding database path with different value: C:\Users\Admin\.stmcufinder\plugins\mcufinder/ => C:\Users\Admin\.stmcufinder\plugins\mcufinder
2023-09-09 11:39:47,056 [INFO] DbMcusAds:125 - Set database path to: C:\Users\Admin\.stmcufinder\plugins\mcufinder//mcu/
2023-09-09 11:39:47,056 [WARN] DbFile:41 - Overriding database path with different value: C:\Users\Admin\.stmcufinder\plugins\mcufinder/ => C:\Users\Admin\.stmcufinder\plugins\mcufinder
2023-09-09 11:39:47,056 [WARN] DbFile:41 - Overriding database path with different value: C:\Users\Admin\.stmcufinder\plugins\mcufinder/ => C:\Users\Admin\.stmcufinder\plugins\mcufinder
2023-09-09 11:39:47,993 [INFO] CrossReferenceDbSqlite:203 - Set database path to: C:\Users\Admin\.stmcufinder\plugins\mcufinder//mcu/cs/
2023-09-09 11:39:48,284 [INFO] MainPanel:253 - HeapMemory: 268435456
2023-09-09 11:39:48,465 [INFO] DbMcusXml:78 - Set database path to: C:\ST\STM32CubeIDE_1.12.1\STM32CubeIDE\plugins\com.st.stm32cube.common.mx_6.8.1.202304191431\\db\/mcu/
2023-09-09 11:39:48,465 [INFO] ApiDb:274 - Set plugin database path to: C:\ST\STM32CubeIDE_1.12.1\STM32CubeIDE\plugins\com.st.stm32cube.common.mx_6.8.1.202304191431\\db\/plugins/boardmanager/
2023-09-09 11:39:48,466 [INFO] ApiDb:261 - Set plugin images path to: C:\ST\STM32CubeIDE_1.12.1\STM32CubeIDE\plugins\com.st.stm32cube.common.mx_6.8.1.202304191431\\db\/plugins/mcufinder/images/
2023-09-09 11:39:48,467 [WARN] DbFile:41 - Overriding database path with different value: C:\Users\Admin\.stmcufinder\plugins\mcufinder/ => C:\Users\Admin\.stmcufinder\plugins\mcufinder
2023-09-09 11:39:48,467 [INFO] ApiDb:250 - Set database path to: C:\Users\Admin\.stmcufinder\plugins\mcufinder//mcu/
2023-09-09 11:39:48,467 [WARN] DbFile:41 - Overriding database path with different value: C:\Users\Admin\.stmcufinder\plugins\mcufinder/ => C:\Users\Admin\.stmcufinder\plugins\mcufinder
2023-09-09 11:39:48,467 [INFO] DbMcusAds:125 - Set database path to: C:\Users\Admin\.stmcufinder\plugins\mcufinder//mcu/
2023-09-09 11:39:48,468 [WARN] DbFile:41 - Overriding database path with different value: C:\Users\Admin\.stmcufinder\plugins\mcufinder/ => C:\Users\Admin\.stmcufinder\plugins\mcufinder
2023-09-09 11:39:48,468 [WARN] DbFile:41 - Overriding database path with different value: C:\Users\Admin\.stmcufinder\plugins\mcufinder/ => C:\Users\Admin\.stmcufinder\plugins\mcufinder
2023-09-09 11:39:48,998 [INFO] CrossReferenceDbSqlite:203 - Set database path to: C:\Users\Admin\.stmcufinder\plugins\mcufinder//mcu/cs/
2023-09-09 11:39:49,089 [INFO] ApplicationProperties:184 - Using Application install path: C:\ST\STM32CubeIDE_1.12.1\STM32CubeIDE\plugins\com.st.stm32cube.common.mx_6.8.1.202304191431
2023-09-09 11:39:49,096 [INFO] PluginManage:196 - Search for loadable plugins [exclusion list=, ]
2023-09-09 11:39:49,103 [INFO] PluginManage:310 - Check plugin analytics
2023-09-09 11:39:50,751 [INFO] AnalyticsPlugin:253 - Accepted Software Licenses: STM32CubeMX.6.8.1
2023-09-09 11:39:50,752 [INFO] AnalyticsPlugin:255 - Accepted CMSIS Pack Licenses: 
2023-09-09 11:39:50,752 [INFO] AnalyticsPlugin:257 - Accepted Firmware Licenses: FW.F4.1.27.0
2023-09-09 11:39:50,772 [INFO] PluginManage:359 - Loaded plugin analytics (category:tool,tabindex:-1)
2023-09-09 11:39:50,774 [INFO] PluginManage:310 - Check plugin cadmodel
2023-09-09 11:39:50,783 [INFO] CADModel:105 - Init CAD model plugin
2023-09-09 11:39:50,783 [INFO] PluginManage:359 - Loaded plugin cadmodel (category:power,tabindex:5)
2023-09-09 11:39:50,784 [INFO] PluginManage:310 - Check plugin clock
2023-09-09 11:39:50,805 [INFO] PluginManage:359 - Loaded plugin clock (category:base,tabindex:2)
2023-09-09 11:39:50,805 [INFO] PluginManage:310 - Check plugin ddr
2023-09-09 11:39:50,810 [INFO] PluginManage:359 - Loaded plugin ddr (category:tool,tabindex:6)
2023-09-09 11:39:50,810 [INFO] PluginManage:310 - Check plugin filemanager
2023-09-09 11:39:51,095 [INFO] PluginManage:359 - Loaded plugin filemanager (category:base,tabindex:10)
2023-09-09 11:39:51,095 [INFO] PluginManage:310 - Check plugin ipmanager
2023-09-09 11:39:51,111 [INFO] PluginManage:359 - Loaded plugin ipmanager (category:base,tabindex:5)
2023-09-09 11:39:51,111 [INFO] PluginManage:310 - Check plugin lpbam
2023-09-09 11:39:51,129 [INFO] PluginManage:359 - Loaded plugin lpbam (category:base,tabindex:0)
2023-09-09 11:39:51,129 [INFO] PluginManage:310 - Check plugin pinoutandconfiguration
2023-09-09 11:39:51,145 [INFO] PluginManage:359 - Loaded plugin pinoutandconfiguration (category:base,tabindex:1)
2023-09-09 11:39:51,145 [INFO] PluginManage:310 - Check plugin pinoutconfig
2023-09-09 11:39:51,300 [WARN] SupportedApi:132 - Cannot load RTOS API schema: s4s-elt-must-match.1: The content of 'definitions' must match (annotation?, (simpleType | complexType)?, (unique | key | keyref)*)). A problem was found starting at: attribute.
2023-09-09 11:39:51,604 [INFO] PluginManage:359 - Loaded plugin pinoutconfig (category:base,tabindex:0)
2023-09-09 11:39:51,604 [INFO] PluginManage:310 - Check plugin power
2023-09-09 11:39:51,628 [INFO] PluginManage:359 - Loaded plugin power (category:power,tabindex:4)
2023-09-09 11:39:51,629 [INFO] PluginManage:310 - Check plugin projectmanager
2023-09-09 11:39:51,660 [INFO] PluginManage:359 - Loaded plugin projectmanager (category:projectmanager,tabindex:3)
2023-09-09 11:39:51,661 [INFO] PluginManage:310 - Check plugin thirdparty
2023-09-09 11:39:51,996 [INFO] PluginManage:359 - Loaded plugin thirdparty (category:base,tabindex:-1)
2023-09-09 11:39:51,997 [INFO] PluginManage:310 - Check plugin tools
2023-09-09 11:39:52,002 [INFO] PluginManage:359 - Loaded plugin tools (category:base,tabindex:7)
2023-09-09 11:39:52,003 [INFO] PluginManage:310 - Check plugin tutovideos
2023-09-09 11:39:52,008 [WARN] IntegrityCheckThread:84 - waiting for thirdparty lock release [integrity check]
2023-09-09 11:39:52,009 [INFO] IntegrityCheckThread:86 - entering critical section [integrity check]
2023-09-09 11:39:52,013 [INFO] ThirdPartyUpdaterWithRetryManager:70 - Updater plugin not ready yet. [1/15]
2023-09-09 11:39:52,393 [INFO] PluginManage:359 - Loaded plugin tutovideos (category:base,tabindex:-1)
2023-09-09 11:39:52,393 [INFO] PluginManage:310 - Check plugin updater
2023-09-09 11:39:52,418 [INFO] PluginManage:359 - Loaded plugin updater (category:base,tabindex:12)
2023-09-09 11:39:52,419 [INFO] PluginManage:283 - PluginManage : Loaded plugins [15]
2023-09-09 11:39:52,920 [INFO] PinOutPanel:1499 - setPackage(No Configuration,No Configuration)
2023-09-09 11:39:53,050 [INFO] CADModel:165 - CPN selected for project level
2023-09-09 11:39:53,050 [INFO] CADModel:114 - Register for checkConnection events
2023-09-09 11:39:53,081 [INFO] IPUIPlugin:80 - create IPUIPlugin
2023-09-09 11:39:53,081 [INFO] PluginManager:220 - loadIPPluginJar : add adc
2023-09-09 11:39:53,086 [INFO] IPUIPlugin:80 - create IPUIPlugin
2023-09-09 11:39:53,086 [INFO] PluginManager:220 - loadIPPluginJar : add aes
2023-09-09 11:39:53,091 [INFO] IPUIPlugin:80 - create IPUIPlugin
2023-09-09 11:39:53,092 [INFO] PluginManager:220 - loadIPPluginJar : add can
2023-09-09 11:39:53,096 [INFO] IPUIPlugin:80 - create IPUIPlugin
2023-09-09 11:39:53,096 [INFO] PluginManager:220 - loadIPPluginJar : add comp
2023-09-09 11:39:53,101 [INFO] IPUIPlugin:80 - create IPUIPlugin
2023-09-09 11:39:53,101 [INFO] PluginManager:220 - loadIPPluginJar : add cryp
2023-09-09 11:39:53,107 [INFO] IPUIPlugin:80 - create IPUIPlugin
2023-09-09 11:39:53,107 [INFO] PluginManager:220 - loadIPPluginJar : add dfsdm
2023-09-09 11:39:53,117 [INFO] IPUIPlugin:80 - create IPUIPlugin
2023-09-09 11:39:53,119 [INFO] PluginManager:220 - loadIPPluginJar : add dma
2023-09-09 11:39:53,126 [INFO] IPUIPlugin:80 - create IPUIPlugin
2023-09-09 11:39:53,126 [INFO] PluginManager:220 - loadIPPluginJar : add dma3
2023-09-09 11:39:53,129 [INFO] IPUIPlugin:80 - create IPUIPlugin
2023-09-09 11:39:53,130 [INFO] PluginManager:220 - loadIPPluginJar : add fatfs
2023-09-09 11:39:53,138 [INFO] IPUIPlugin:80 - create IPUIPlugin
2023-09-09 11:39:53,138 [INFO] PluginManager:220 - loadIPPluginJar : add fmc
2023-09-09 11:39:53,149 [INFO] IPUIPlugin:80 - create IPUIPlugin
2023-09-09 11:39:53,151 [INFO] PluginManager:220 - loadIPPluginJar : add freertos
2023-09-09 11:39:53,153 [INFO] IPUIPlugin:80 - create IPUIPlugin
2023-09-09 11:39:53,153 [INFO] PluginManager:220 - loadIPPluginJar : add genericplugin
2023-09-09 11:39:53,157 [INFO] IPUIPlugin:80 - create IPUIPlugin
2023-09-09 11:39:53,157 [INFO] PluginManager:220 - loadIPPluginJar : add gfxmmu
2023-09-09 11:39:53,167 [INFO] IPUIPlugin:80 - create IPUIPlugin
2023-09-09 11:39:53,167 [INFO] PluginManager:220 - loadIPPluginJar : add gic
2023-09-09 11:39:53,175 [INFO] IPUIPlugin:80 - create IPUIPlugin
2023-09-09 11:39:53,176 [INFO] PluginManager:220 - loadIPPluginJar : add gpio
2023-09-09 11:39:53,182 [INFO] IPUIPlugin:80 - create IPUIPlugin
2023-09-09 11:39:53,183 [INFO] PluginManager:220 - loadIPPluginJar : add gtzc
2023-09-09 11:39:53,188 [INFO] IPUIPlugin:80 - create IPUIPlugin
2023-09-09 11:39:53,188 [INFO] PluginManager:220 - loadIPPluginJar : add hash
2023-09-09 11:39:53,193 [INFO] IPUIPlugin:80 - create IPUIPlugin
2023-09-09 11:39:53,193 [INFO] PluginManager:220 - loadIPPluginJar : add i2c
2023-09-09 11:39:53,200 [INFO] IPUIPlugin:80 - create IPUIPlugin
2023-09-09 11:39:53,201 [INFO] PluginManager:220 - loadIPPluginJar : add i2s
2023-09-09 11:39:53,208 [INFO] IPUIPlugin:80 - create IPUIPlugin
2023-09-09 11:39:53,208 [INFO] PluginManager:220 - loadIPPluginJar : add i3c
2023-09-09 11:39:53,215 [INFO] IPUIPlugin:80 - create IPUIPlugin
2023-09-09 11:39:53,215 [INFO] PluginManager:220 - loadIPPluginJar : add ipddr
2023-09-09 11:39:53,228 [INFO] IPUIPlugin:80 - create IPUIPlugin
2023-09-09 11:39:53,229 [INFO] PluginManager:220 - loadIPPluginJar : add linkedlist
2023-09-09 11:39:53,233 [INFO] IPUIPlugin:80 - create IPUIPlugin
2023-09-09 11:39:53,233 [INFO] PluginManager:220 - loadIPPluginJar : add lorawan
2023-09-09 11:39:53,237 [INFO] IPUIPlugin:80 - create IPUIPlugin
2023-09-09 11:39:53,237 [INFO] PluginManager:220 - loadIPPluginJar : add ltdc
2023-09-09 11:39:53,249 [INFO] IPUIPlugin:80 - create IPUIPlugin
2023-09-09 11:39:53,249 [INFO] PluginManager:220 - loadIPPluginJar : add mdma
2023-09-09 11:39:53,256 [INFO] IPUIPlugin:80 - create IPUIPlugin
2023-09-09 11:39:53,258 [INFO] PluginManager:220 - loadIPPluginJar : add nvic
2023-09-09 11:39:53,264 [INFO] IPUIPlugin:80 - create IPUIPlugin
2023-09-09 11:39:53,264 [INFO] PluginManager:220 - loadIPPluginJar : add opamp
2023-09-09 11:39:53,271 [INFO] IPUIPlugin:80 - create IPUIPlugin
2023-09-09 11:39:53,272 [INFO] PluginManager:220 - loadIPPluginJar : add openamp
2023-09-09 11:39:53,280 [INFO] IPUIPlugin:80 - create IPUIPlugin
2023-09-09 11:39:53,280 [INFO] PluginManager:220 - loadIPPluginJar : add pdm2pcm
2023-09-09 11:39:53,294 [INFO] IPUIPlugin:80 - create IPUIPlugin
2023-09-09 11:39:53,300 [INFO] PluginManager:220 - loadIPPluginJar : add plateformsettings
2023-09-09 11:39:53,303 [INFO] IPUIPlugin:80 - create IPUIPlugin
2023-09-09 11:39:53,304 [INFO] PluginManager:220 - loadIPPluginJar : add quadspi
2023-09-09 11:39:53,311 [INFO] IPUIPlugin:80 - create IPUIPlugin
2023-09-09 11:39:53,312 [INFO] PluginManager:220 - loadIPPluginJar : add resmgrutility
2023-09-09 11:39:53,318 [INFO] IPUIPlugin:80 - create IPUIPlugin
2023-09-09 11:39:53,318 [INFO] PluginManager:220 - loadIPPluginJar : add sai
2023-09-09 11:39:53,323 [INFO] IPUIPlugin:80 - create IPUIPlugin
2023-09-09 11:39:53,323 [INFO] PluginManager:220 - loadIPPluginJar : add spi
2023-09-09 11:39:53,336 [INFO] IPUIPlugin:80 - create IPUIPlugin
2023-09-09 11:39:53,336 [INFO] PluginManager:220 - loadIPPluginJar : add stm32_wpan
2023-09-09 11:39:53,339 [INFO] IPUIPlugin:80 - create IPUIPlugin
2023-09-09 11:39:53,339 [INFO] PluginManager:220 - loadIPPluginJar : add tim
2023-09-09 11:39:53,347 [INFO] IPUIPlugin:80 - create IPUIPlugin
2023-09-09 11:39:53,347 [INFO] PluginManager:220 - loadIPPluginJar : add touchsensing
2023-09-09 11:39:53,351 [INFO] IPUIPlugin:80 - create IPUIPlugin
2023-09-09 11:39:53,351 [INFO] PluginManager:220 - loadIPPluginJar : add tracer_emb
2023-09-09 11:39:53,355 [INFO] IPUIPlugin:80 - create IPUIPlugin
2023-09-09 11:39:53,356 [INFO] PluginManager:220 - loadIPPluginJar : add ts
2023-09-09 11:39:53,359 [INFO] IPUIPlugin:80 - create IPUIPlugin
2023-09-09 11:39:53,359 [INFO] PluginManager:220 - loadIPPluginJar : add tsc
2023-09-09 11:39:53,363 [INFO] IPUIPlugin:80 - create IPUIPlugin
2023-09-09 11:39:53,363 [INFO] PluginManager:220 - loadIPPluginJar : add ucpd
2023-09-09 11:39:53,370 [INFO] IPUIPlugin:80 - create IPUIPlugin
2023-09-09 11:39:53,370 [INFO] PluginManager:220 - loadIPPluginJar : add usart
2023-09-09 11:39:53,376 [INFO] IPUIPlugin:80 - create IPUIPlugin
2023-09-09 11:39:53,377 [INFO] PluginManager:220 - loadIPPluginJar : add usbx
2023-09-09 11:39:53,570 [INFO] CADModel:165 - CPN selected for project level
2023-09-09 11:39:53,571 [INFO] CADModel:114 - Register for checkConnection events
2023-09-09 11:39:53,571 [FATAL] Updater:308 - Updater called before beeing initialized
2023-09-09 11:39:53,573 [ERROR] CADModel:125 - Updater not yet initialized, retry later 
2023-09-09 11:39:54,118 [INFO] CADModel:165 - CPN selected for project level
2023-09-09 11:39:54,118 [INFO] CADModel:114 - Register for checkConnection events
2023-09-09 11:39:54,119 [FATAL] Updater:308 - Updater called before beeing initialized
2023-09-09 11:39:54,120 [ERROR] CADModel:125 - Updater not yet initialized, retry later 
2023-09-09 11:39:54,130 [FATAL] Updater:308 - Updater called before beeing initialized
2023-09-09 11:39:54,371 [FATAL] Updater:308 - Updater called before beeing initialized
2023-09-09 11:39:54,387 [INFO] DbMcusAds:53 - JSON generation date=Tue Mar 07 15:50:55 ICT 2023 (1678179055114)
2023-09-09 11:39:54,387 [FATAL] Updater:308 - Updater called before beeing initialized
2023-09-09 11:39:54,450 [WARN] DetailPanel:346 - Failed to get advertising image, set to default
2023-09-09 11:39:54,669 [FATAL] Updater:308 - Updater called before beeing initialized
2023-09-09 11:39:54,678 [FATAL] Updater:308 - Updater called before beeing initialized
2023-09-09 11:39:54,679 [FATAL] Updater:308 - Updater called before beeing initialized
2023-09-09 11:39:54,679 [WARN] DetailPanel:346 - Failed to get advertising image, set to default
2023-09-09 11:39:54,681 [FATAL] Updater:308 - Updater called before beeing initialized
2023-09-09 11:39:54,876 [ERROR] Updater:1120 - MainUpdater not yet initialized. External WinMGr cannot be set.
2023-09-09 11:39:54,928 [INFO] Updater:1056 - Updater Version found : 6.8.1
2023-09-09 11:39:54,961 [INFO] ApplicationProperties:184 - Using Application install path: C:\ST\STM32CubeIDE_1.12.1\STM32CubeIDE\plugins\com.st.stm32cube.common.mx_6.8.1.202304191431
2023-09-09 11:39:55,019 [INFO] ThirdPartyUpdaterWithRetryManager:70 - Updater plugin not ready yet. [2/15]
2023-09-09 11:39:55,182 [INFO] MainUpdater:2854 - connection check result : 10
2023-09-09 11:39:55,186 [INFO] MainUpdater:283 - Updater Check For Update Now.
2023-09-09 11:39:55,187 [INFO] MicroXplorer:498 - Change Database Version : DB.6.0.81
2023-09-09 11:39:55,546 [INFO] CheckServerUpdateThread:120 - End of CheckServer Thread
2023-09-09 11:39:55,651 [INFO] MainUpdater:2854 - connection check result : 10
2023-09-09 11:39:57,156 [INFO] ApiDb:581 - Connected to CubeFinder SQLite database (C:\Users\Admin\.stmcufinder\plugins\mcufinder\mcu\cube-finder-db.db)
2023-09-09 11:39:57,421 [INFO] ApiDb:668 - CubeFinder database Data Model version=2.1
2023-09-09 11:39:57,422 [INFO] ApiDb:669 - CubeFinder database Configuration version=3.0.37
2023-09-09 11:39:57,423 [INFO] ApiDb:670 - CubeFinder database generation date=2023-08-09 (1691586011)
2023-09-09 11:39:57,423 [INFO] ApiDb:671 - CubeFinder database FW Pack versions=[FP-ATR-ASTRA1_V2.0.0, FP-SNS-FLIGHT1_V5.0.1, FP-SNS-FLIGHT1_V5.0.2, FP-SNS-MOTENV1_V4.3.1, FP-SNS-MOTENV1_V4.3.2, STM32Cube_FW_C0_V1.1.0, STM32Cube_FW_F4_V1.27.1, STM32Cube_FW_F7_V1.17.0, STM32Cube_FW_G0_V1.6.1, STM32Cube_FW_G4_V1.5.1, STM32Cube_FW_H5_V0.5.1, STM32Cube_FW_H5_V1.1.0, STM32Cube_FW_H7_V1.11.0, STM32Cube_FW_L0_V1.12.2, STM32Cube_FW_L5_V1.5.0, STM32Cube_FW_U5_V1.3.0, STM32Cube_FW_U5_V1.3.0RC4, STM32Cube_FW_WBA_V1.0.0RC1, STM32Cube_FW_WBA_V1.1.0, STM32Cube_FW_WBA_V1.1.0RC1, STM32Cube_FW_WB_V1.15.0RC1, STM32Cube_FW_WB_V1.16.0, STM32Cube_FW_WB_V1.16.0RC2, STM32Cube_FW_WB_V1.17.0, STM32Cube_FW_WL_V1.3.0, X-CUBE-ALGOBUILD_V1.3.0, X-CUBE-ALS_V1.0.1, X-CUBE-AZRTOS-F4_V1.1.0, X-CUBE-AZRTOS-F7_V1.1.0, X-CUBE-AZRTOS-G0_V1.1.0, X-CUBE-AZRTOS-G4_V2.0.0, X-CUBE-AZRTOS-H7_V3.1.0, X-CUBE-AZRTOS-L4_V1.0.0, X-CUBE-AZRTOS-L4_V2.0.0, X-CUBE-AZRTOS-L5_V1.1.0, X-CUBE-AZRTOS-WB_V1.1.0, X-CUBE-AZRTOS-WL_V2.0.0, X-CUBE-BLE1_V7.0.0, X-CUBE-BLE2_V3.3.0, X-CUBE-BLEMGR_V2.0.0, X-CUBE-EEPRMA1_V4.1.0, X-CUBE-FREERTOS_V1.1.0, X-CUBE-GNSS1_V6.0.0, X-CUBE-MEMS1_V9.1.0, X-CUBE-MEMS1_V9.4.0, X-CUBE-MEMS1_V9.6.0, X-CUBE-NFC4_V3.0.0, X-CUBE-NFC7_V1.0.0, X-CUBE-SFXS2LP1_V4.0.0, X-CUBE-SUBG2_V5.0.0, X-CUBE-TOF1_V3.3.1]
2023-09-09 11:39:57,709 [INFO] DbBoardsSqlite:226 - include board P-NUCLEO-WB55-NUCLEO as a kit item of type 'Nucleo-64'
2023-09-09 11:39:57,710 [INFO] DbBoardsSqlite:226 - include board P-NUCLEO-WB55-USBDONGLE as a kit item of type 'Nucleo USB Dongle'
2023-09-09 11:39:57,711 [INFO] DbBoardsSqlite:226 - include board STEVAL-IDP005V1 as a kit item of type 'Evaluation Board'
2023-09-09 11:39:57,713 [INFO] DbBoardsSqlite:226 - include board STEVAL-IDP005V2 as a kit item of type 'Evaluation Board'
2023-09-09 11:39:58,490 [WARN] PackLoader:240 - Cannot read IP mode file for STMicroelectronics.X-CUBE-SMBUS.2.1.0
2023-09-09 11:39:58,579 [WARN] PackLoader:240 - Cannot read IP mode file for STMicroelectronics.X-CUBE-AZRTOS-F7.1.1.0
2023-09-09 11:39:58,601 [WARN] PackLoader:240 - Cannot read IP mode file for STMicroelectronics.FP-SNS-MOTENV1.4.3.2
2023-09-09 11:39:58,613 [ERROR] RealEvaluatedCondition:428 - Found unsupported composite condition: CLASS='Data Exchange' GROUP='STM32_MetaDataManager'
2023-09-09 11:39:58,614 [ERROR] RealEvaluatedCondition:428 - Found unsupported composite condition: GROUP='STM32_MetaDataManager' CLASS='Data Exchange'
2023-09-09 11:39:58,617 [WARN] PackLoader:240 - Cannot read IP mode file for STMicroelectronics.FP-SNS-MOTENV1.4.3.1
2023-09-09 11:39:58,628 [WARN] PackLoader:240 - Cannot read IP mode file for STMicroelectronics.FP-SNS-FLIGHT1.5.0.1
2023-09-09 11:39:58,643 [WARN] PackLoader:240 - Cannot read IP mode file for STMicroelectronics.X-CUBE-BLE1.6.2.4
2023-09-09 11:39:58,659 [WARN] PackLoader:240 - Cannot read IP mode file for STMicroelectronics.X-CUBE-DISPLAY.3.0.0
2023-09-09 11:39:58,680 [WARN] PackLoader:240 - Cannot read IP mode file for STMicroelectronics.X-CUBE-TOUCHGFX.4.22.0
2023-09-09 11:39:58,689 [WARN] PackLoader:240 - Cannot read IP mode file for STMicroelectronics.FP-SNS-SMARTAG2.1.2.0
2023-09-09 11:39:58,691 [INFO] ApiDb:240 - Found 297 in-development CPN: [B-G473E-ZEST1S, B-WB1M-WPAN1, B-WL5M-SUBG1, NUCLEO-C031C6, NUCLEO-H503RB, NUCLEO-H563ZI, NUCLEO-U545RE-Q, NUCLEO-U5A5ZJ-Q, NUCLEO-WBA52CG, STEVAL-PROTEUS1, STEVAL-STWINBX1, STM320518-EVAL, STM32C0116-DK, STM32C011D6Y3TR, STM32C011D6Y6TR, STM32C011F4P3, STM32C011F4P6, STM32C011F4U3, STM32C011F4U6TR, STM32C011F6P3, STM32C011F6P6, STM32C011F6U3, STM32C011F6U6TR, STM32C011J4M3, STM32C011J4M6, STM32C011J6M3, STM32C011J6M6, STM32C0316-DK, STM32C031C4T3, STM32C031C4T6, STM32C031C4U3, STM32C031C4U6, STM32C031C6T3, STM32C031C6T6, STM32C031C6U3, STM32C031C6U6, STM32C031F4P3, STM32C031F4P6, STM32C031F6P3, STM32C031F6P6, STM32C031G4U3, STM32C031G4U6, STM32C031G6U3, STM32C031G6U6, STM32C031K4T3, STM32C031K4T6, STM32C031K4U3, STM32C031K4U6, STM32C031K6T3, STM32C031K6T6, STM32C031K6U3, STM32C031K6U6, STM32G071K8TXN, STM32G071K8UXN, STM32G081GBU6N, STM32G081KBT6N, STM32G081KBUXN, STM32G0B1CCT6N, STM32G0B1KCT6, STM32G0B1NEY6TR, STM32G0B1RCT6N, STM32G0C1CCT6, STM32G0C1CCT6N, STM32G0C1CCU6N, STM32G0C1CET6N, STM32G0C1CEU6N, STM32G0C1KCT6, STM32G0C1NEY6TR, STM32G0C1RCI6N, STM32G0C1RCT6N, STM32G0C1REI6N, STM32G0C1RET6N, STM32G0C1VCI6, STM32G0C1VEI6, STM32G471CCT6, STM32G471CCU6, STM32G471CET3, STM32G471CET6, STM32G471CEU3, STM32G471CEU6, STM32G471MCT6, STM32G471MET3, STM32G471MET6, STM32G471MEY6TR, STM32G471QCT6, STM32G471QET3, STM32G471RCT6, STM32G471RET3, STM32G471RET6, STM32G471VCH6, STM32G471VCI6, STM32G471VCT6, STM32G471VEH3, STM32G471VEH6, STM32G471VEI3, STM32G471VEI6, STM32G471VET3, STM32G471VET6, STM32G474CCT6, STM32H503CBT6, STM32H503CBU6, STM32H503EBY6TR, STM32H503KBU6, STM32H503RBT6, STM32H562AGI6, STM32H562AII6, STM32H562IGK6, STM32H562IGT6, STM32H562IIK6, STM32H562IIT6, STM32H562RGT6, STM32H562RGV6, STM32H562RIT6, STM32H562RIV6, STM32H562VGT6, STM32H562VIT6, STM32H562ZGT6, STM32H562ZIT6, STM32H563AGI6, STM32H563AII3Q, STM32H563AII6, STM32H563IGK6, STM32H563IGT6, STM32H563IIK3Q, STM32H563IIK6, STM32H563IIT3Q, STM32H563IIT6, STM32H563MIY3QTR, STM32H563RGT6, STM32H563RGV6, STM32H563RIT6, STM32H563RIV6, STM32H563VGT6, STM32H563VIT3Q, STM32H563VIT6, STM32H563ZGT6, STM32H563ZIT3Q, STM32H563ZIT6, STM32H573AII3Q, STM32H573AII6, STM32H573I-DK, STM32H573IIK3Q, STM32H573IIK6, STM32H573IIT3Q, STM32H573IIT6, STM32H573MIY3QTR, STM32H573RIT6, STM32H573RIV6, STM32H573VIT3Q, STM32H573VIT6, STM32H573ZIT3Q, STM32H573ZIT6, STM32L4R5QGI6STR, STM32MP131AAE3, STM32MP131AAF3, STM32MP131AAG3, STM32MP131CAE3, STM32MP131CAF3, STM32MP131CAG3, STM32MP131DAE7, STM32MP131DAF7, STM32MP131DAG7, STM32MP131FAE7, STM32MP131FAF7, STM32MP131FAG7, STM32MP133AAE3, STM32MP133AAF3, STM32MP133AAG3, STM32MP133CAE3, STM32MP133CAF3, STM32MP133CAG3, STM32MP133DAE7, STM32MP133DAF7, STM32MP133DAG7, STM32MP133FAE7, STM32MP133FAF7, STM32MP133FAG7, STM32MP135AAE3, STM32MP135AAF3, STM32MP135AAG3, STM32MP135CAE3, STM32MP135CAF3, STM32MP135CAG3, STM32MP135DAE7, STM32MP135DAF7, STM32MP135DAG7, STM32MP135F-DK, STM32MP135FAE7, STM32MP135FAF7, STM32MP135FAF7T, STM32MP135FAF7U, STM32MP135FAG7, STM32U535CBT6, STM32U535CBT6Q, STM32U535CBU6, STM32U535CBU6Q, STM32U535CCT6, STM32U535CCT6Q, STM32U535CCU6, STM32U535CCU6Q, STM32U535CET6, STM32U535CET6Q, STM32U535CEU6, STM32U535CEU6Q, STM32U535JEY6QTR, STM32U535NCY6QTR, STM32U535NEY6QTR, STM32U535RBI6, STM32U535RBI6Q, STM32U535RBT6, STM32U535RBT6Q, STM32U535RCI6, STM32U535RCI6Q, STM32U535RCT6, STM32U535RCT6Q, STM32U535REI6, STM32U535REI6Q, STM32U535RET6, STM32U535RET6Q, STM32U535VCI6, STM32U535VCI6Q, STM32U535VCT6, STM32U535VCT6Q, STM32U535VEI6, STM32U535VEI6Q, STM32U535VET6, STM32U535VET6Q, STM32U545CET6, STM32U545CET6Q, STM32U545CEU6, STM32U545CEU6Q, STM32U545JEY6QTR, STM32U545NEY6QTR, STM32U545REI6, STM32U545REI6Q, STM32U545RET6, STM32U545RET6Q, STM32U545VEI6, STM32U545VEI6Q, STM32U545VET6, STM32U545VET6Q, STM32U595AIH6, STM32U595AIH6Q, STM32U595AJH6, STM32U595AJH6Q, STM32U595QII6, STM32U595QII6Q, STM32U595QJI6, STM32U595QJI6Q, STM32U595RIT6, STM32U595RIT6Q, STM32U595RJT6, STM32U595RJT6Q, STM32U595VIT6, STM32U595VIT6Q, STM32U595VJT6, STM32U595VJT6Q, STM32U595ZIT6, STM32U595ZIT6Q, STM32U595ZIY6QTR, STM32U595ZJT6, STM32U595ZJT6Q, STM32U595ZJY6QTR, STM32U599BJY6QTR, STM32U599NIH6Q, STM32U599NJH6Q, STM32U599VIT6Q, STM32U599VJT6, STM32U599VJT6Q, STM32U599ZIT6Q, STM32U599ZIY6QTR, STM32U599ZJT6Q, STM32U599ZJY6QTR, STM32U5A5AJH6, STM32U5A5AJH6Q, STM32U5A5QJI6, STM32U5A5QJI6Q, STM32U5A5RJT6, STM32U5A5RJT6Q, STM32U5A5VJT6, STM32U5A5VJT6Q, STM32U5A5ZJT6, STM32U5A5ZJT6Q, STM32U5A5ZJY6QTR, STM32U5A9BJY6QTR, STM32U5A9J-DK, STM32U5A9NJH6Q, STM32U5A9VJT6Q, STM32U5A9ZJT6Q, STM32U5A9ZJY6QTR, STM32WB1MMCH6, STM32WBA52CEU6, STM32WBA52CEU6T, STM32WBA52CGU6, STM32WBA52CGU6T, STM32WL5MOCH6, STM32WL5MOCH6TR]
2023-09-09 11:39:58,734 [INFO] ApiDb:668 - CubeFinder database Data Model version=2.1
2023-09-09 11:39:58,735 [INFO] ApiDb:669 - CubeFinder database Configuration version=3.0.37
2023-09-09 11:39:58,736 [INFO] ApiDb:670 - CubeFinder database generation date=2023-08-09 (1691586011)
2023-09-09 11:39:58,736 [INFO] ApiDb:671 - CubeFinder database FW Pack versions=[FP-ATR-ASTRA1_V2.0.0, FP-SNS-FLIGHT1_V5.0.1, FP-SNS-FLIGHT1_V5.0.2, FP-SNS-MOTENV1_V4.3.1, FP-SNS-MOTENV1_V4.3.2, STM32Cube_FW_C0_V1.1.0, STM32Cube_FW_F4_V1.27.1, STM32Cube_FW_F7_V1.17.0, STM32Cube_FW_G0_V1.6.1, STM32Cube_FW_G4_V1.5.1, STM32Cube_FW_H5_V0.5.1, STM32Cube_FW_H5_V1.1.0, STM32Cube_FW_H7_V1.11.0, STM32Cube_FW_L0_V1.12.2, STM32Cube_FW_L5_V1.5.0, STM32Cube_FW_U5_V1.3.0, STM32Cube_FW_U5_V1.3.0RC4, STM32Cube_FW_WBA_V1.0.0RC1, STM32Cube_FW_WBA_V1.1.0, STM32Cube_FW_WBA_V1.1.0RC1, STM32Cube_FW_WB_V1.15.0RC1, STM32Cube_FW_WB_V1.16.0, STM32Cube_FW_WB_V1.16.0RC2, STM32Cube_FW_WB_V1.17.0, STM32Cube_FW_WL_V1.3.0, X-CUBE-ALGOBUILD_V1.3.0, X-CUBE-ALS_V1.0.1, X-CUBE-AZRTOS-F4_V1.1.0, X-CUBE-AZRTOS-F7_V1.1.0, X-CUBE-AZRTOS-G0_V1.1.0, X-CUBE-AZRTOS-G4_V2.0.0, X-CUBE-AZRTOS-H7_V3.1.0, X-CUBE-AZRTOS-L4_V1.0.0, X-CUBE-AZRTOS-L4_V2.0.0, X-CUBE-AZRTOS-L5_V1.1.0, X-CUBE-AZRTOS-WB_V1.1.0, X-CUBE-AZRTOS-WL_V2.0.0, X-CUBE-BLE1_V7.0.0, X-CUBE-BLE2_V3.3.0, X-CUBE-BLEMGR_V2.0.0, X-CUBE-EEPRMA1_V4.1.0, X-CUBE-FREERTOS_V1.1.0, X-CUBE-GNSS1_V6.0.0, X-CUBE-MEMS1_V9.1.0, X-CUBE-MEMS1_V9.4.0, X-CUBE-MEMS1_V9.6.0, X-CUBE-NFC4_V3.0.0, X-CUBE-NFC7_V1.0.0, X-CUBE-SFXS2LP1_V4.0.0, X-CUBE-SUBG2_V5.0.0, X-CUBE-TOF1_V3.3.1]
2023-09-09 11:39:58,753 [INFO] LogOutputStream:77 - [STDOUT_REDIRECT] 1 : Invalid condition id : UX_CORESTACK_Condition cause : null
2023-09-09 11:39:58,754 [INFO] LogOutputStream:77 - [STDOUT_REDIRECT] 1 : Invalid condition id : UX_CORESTACK_Condition cause : null
2023-09-09 11:39:58,757 [INFO] LogOutputStream:77 - [STDOUT_REDIRECT] 1 : Invalid condition id : UX_CORESTACK_Condition cause : null
2023-09-09 11:39:58,760 [INFO] LogOutputStream:77 - [STDOUT_REDIRECT] 1 : Invalid condition id : UX_CORESTACK_Condition cause : null
2023-09-09 11:39:58,763 [INFO] LogOutputStream:77 - [STDOUT_REDIRECT] 1 : Invalid condition id : UX_CORESTACK_Condition cause : null
2023-09-09 11:39:58,773 [WARN] PackLoader:240 - Cannot read IP mode file for STMicroelectronics.X-CUBE-AZRTOS-WL.2.0.0
2023-09-09 11:39:58,793 [WARN] PackLoader:240 - Cannot read IP mode file for WES.I-CUBE-Cesium.1.3.0
2023-09-09 11:39:58,803 [WARN] PackLoader:240 - Cannot read IP mode file for STMicroelectronics.X-CUBE-BLE2.3.3.0
2023-09-09 11:39:58,809 [WARN] PackLoader:240 - Cannot read IP mode file for STMicroelectronics.X-CUBE-TOUCHGFX.4.21.4
2023-09-09 11:39:58,828 [WARN] PackLoader:240 - Cannot read IP mode file for STMicroelectronics.X-CUBE-ALGOBUILD.1.3.0
2023-09-09 11:39:58,865 [WARN] PackLoader:240 - Cannot read IP mode file for STMicroelectronics.X-CUBE-AZRTOS-G0.1.1.0
2023-09-09 11:39:58,877 [WARN] PackLoader:240 - Cannot read IP mode file for STMicroelectronics.X-CUBE-NFC4.3.0.0
2023-09-09 11:39:58,886 [WARN] PackLoader:240 - Cannot read IP mode file for STMicroelectronics.FP-ATR-SIGFOX1.3.2.0
2023-09-09 11:39:58,988 [WARN] PackLoader:240 - Cannot read IP mode file for SEGGER.I-CUBE-embOS.1.3.1
2023-09-09 11:39:59,085 [WARN] PackLoader:240 - Cannot read IP mode file for STMicroelectronics.X-CUBE-GNSS1.6.0.0
2023-09-09 11:39:59,149 [WARN] PackLoader:240 - Cannot read IP mode file for STMicroelectronics.X-CUBE-AZRTOS-F4.1.1.0
2023-09-09 11:39:59,169 [WARN] PackLoader:240 - Cannot read IP mode file for wolfSSL.I-CUBE-wolfSSL.5.6.0
2023-09-09 11:39:59,214 [WARN] PackLoader:240 - Cannot read IP mode file for STMicroelectronics.X-CUBE-AZRTOS-L5.2.0.0
2023-09-09 11:39:59,302 [WARN] PackLoader:240 - Cannot read IP mode file for STMicroelectronics.X-CUBE-MEMS1.9.6.0
2023-09-09 11:39:59,726 [WARN] PackLoader:240 - Cannot read IP mode file for emotas.I-CUBE-CANOPEN.1.1.3
2023-09-09 11:39:59,738 [WARN] PackLoader:240 - Cannot read IP mode file for STMicroelectronics.X-CUBE-BLEMGR.2.0.0
2023-09-09 11:39:59,778 [WARN] ConditionMgr:438 - getConditionDescription Invalid condition id : UX DEVICE CLASS RTOS Condition cause : null
2023-09-09 11:39:59,779 [WARN] ConditionMgr:438 - getConditionDescription Invalid condition id : UX DEVICE CLASS RTOS Condition cause : null
2023-09-09 11:39:59,785 [WARN] PackLoader:240 - Cannot read IP mode file for STMicroelectronics.X-CUBE-AZRTOS-H7.3.1.0
2023-09-09 11:39:59,786 [WARN] ConditionMgr:1039 - genDependencies : Invalid condition id : UX DEVICE CLASS RTOS Condition cause : null
2023-09-09 11:39:59,787 [WARN] ConditionMgr:1039 - genDependencies : Invalid condition id : UX DEVICE CLASS RTOS Condition cause : null
2023-09-09 11:39:59,788 [WARN] ConditionMgr:1039 - genDependencies : Invalid condition id : UX DEVICE CLASS RTOS Condition cause : null
2023-09-09 11:39:59,788 [WARN] ConditionMgr:1039 - genDependencies : Invalid condition id : UX DEVICE CLASS RTOS Condition cause : null
2023-09-09 11:39:59,789 [WARN] ConditionMgr:1039 - genDependencies : Invalid condition id : UX DEVICE CLASS RTOS Condition cause : null
2023-09-09 11:39:59,799 [WARN] PackLoader:240 - Cannot read IP mode file for STMicroelectronics.X-CUBE-NFC7.1.0.1
2023-09-09 11:39:59,812 [WARN] PackLoader:240 - Cannot read IP mode file for STMicroelectronics.X-CUBE-NFC6.3.0.0
2023-09-09 11:39:59,826 [WARN] PackLoader:240 - Cannot read IP mode file for STMicroelectronics.X-CUBE-EEPRMA1.4.1.0
2023-09-09 11:39:59,868 [WARN] ConditionMgr:438 - getConditionDescription Invalid condition id : LAN8742 Phy interface Condition cause : null
2023-09-09 11:39:59,869 [WARN] PackLoader:240 - Cannot read IP mode file for STMicroelectronics.X-CUBE-AZRTOS-L4.2.0.0
2023-09-09 11:39:59,871 [WARN] ConditionMgr:1039 - genDependencies : Invalid condition id : LAN8742 Phy interface Condition cause : null
2023-09-09 11:39:59,871 [WARN] ConditionMgr:1039 - genDependencies : Invalid condition id : LAN8742 Phy interface Condition cause : null
2023-09-09 11:39:59,872 [WARN] ConditionMgr:1039 - genDependencies : Invalid condition id : LAN8742 Phy interface Condition cause : null
2023-09-09 11:39:59,883 [WARN] PackLoader:240 - Cannot read IP mode file for STMicroelectronics.X-CUBE-SFXS2LP1.4.0.0
2023-09-09 11:39:59,891 [WARN] PackLoader:240 - Cannot read IP mode file for STMicroelectronics.X-CUBE-ISPU.1.1.0
2023-09-09 11:39:59,971 [WARN] ConditionMgr:438 - getConditionDescription Invalid condition id : UX DEVICE CLASS RTOS Condition cause : null
2023-09-09 11:39:59,989 [WARN] ConditionMgr:438 - getConditionDescription Invalid condition id : UX DEVICE CLASS RTOS Condition cause : null
2023-09-09 11:39:59,993 [WARN] PackLoader:240 - Cannot read IP mode file for STMicroelectronics.X-CUBE-AZRTOS-WB.2.0.0
2023-09-09 11:39:59,994 [WARN] ConditionMgr:1039 - genDependencies : Invalid condition id : UX DEVICE CLASS RTOS Condition cause : null
2023-09-09 11:39:59,994 [WARN] ConditionMgr:1039 - genDependencies : Invalid condition id : UX DEVICE CLASS RTOS Condition cause : null
2023-09-09 11:39:59,995 [WARN] ConditionMgr:1039 - genDependencies : Invalid condition id : UX DEVICE CLASS RTOS Condition cause : null
2023-09-09 11:39:59,995 [WARN] ConditionMgr:1039 - genDependencies : Invalid condition id : UX DEVICE CLASS RTOS Condition cause : null
2023-09-09 11:39:59,995 [WARN] ConditionMgr:1039 - genDependencies : Invalid condition id : UX DEVICE CLASS RTOS Condition cause : null
2023-09-09 11:40:00,053 [WARN] PackLoader:240 - Cannot read IP mode file for STMicroelectronics.X-CUBE-FREERTOS.1.0.1
2023-09-09 11:40:00,094 [WARN] PackLoader:240 - Cannot read IP mode file for STMicroelectronics.X-CUBE-AZRTOS-L5.1.1.0
2023-09-09 11:40:00,110 [WARN] PackLoader:240 - Cannot read IP mode file for STMicroelectronics.X-CUBE-AI.8.0.1
2023-09-09 11:40:00,145 [WARN] PackLoader:240 - Cannot read IP mode file for STMicroelectronics.X-CUBE-SUBG2.5.0.0
2023-09-09 11:40:00,278 [WARN] PackLoader:240 - Cannot read IP mode file for STMicroelectronics.X-CUBE-TOF1.3.3.1
2023-09-09 11:40:00,347 [WARN] PackLoader:240 - Cannot read IP mode file for STMicroelectronics.X-CUBE-AZRTOS-G4.2.0.0
2023-09-09 11:40:00,367 [WARN] PackLoader:240 - Cannot read IP mode file for STMicroelectronics.X-CUBE-TOF1.3.3.0
2023-09-09 11:40:00,388 [WARN] PackLoader:240 - Cannot read IP mode file for STMicroelectronics.X-CUBE-FREERTOS.1.1.0
2023-09-09 11:40:00,397 [WARN] PackLoader:240 - Cannot read IP mode file for portGmbH.I-Cube-SoM-uGOAL.1.1.0
2023-09-09 11:40:00,404 [WARN] PackLoader:240 - Cannot read IP mode file for STMicroelectronics.X-CUBE-ALS.1.0.1
2023-09-09 11:40:00,452 [WARN] PackLoader:240 - Cannot read IP mode file for STMicroelectronics.X-CUBE-AZRTOS-WB.1.1.0
2023-09-09 11:40:00,460 [WARN] PackLoader:240 - Cannot read IP mode file for STMicroelectronics.FP-ATR-ASTRA1.2.0.0
2023-09-09 11:40:00,462 [INFO] ThirdParty:978 - Integrity check success = true
2023-09-09 11:40:00,462 [INFO] IntegrityCheckThread:100 - exiting critical section [integrity check]
2023-09-09 11:40:00,462 [INFO] IntegrityCheckThread:103 - End integrity checks thread
2023-09-09 11:40:04,320 [INFO] ApiDb:240 - Found 297 in-development CPN: [B-G473E-ZEST1S, B-WB1M-WPAN1, B-WL5M-SUBG1, NUCLEO-C031C6, NUCLEO-H503RB, NUCLEO-H563ZI, NUCLEO-U545RE-Q, NUCLEO-U5A5ZJ-Q, NUCLEO-WBA52CG, STEVAL-PROTEUS1, STEVAL-STWINBX1, STM320518-EVAL, STM32C0116-DK, STM32C011D6Y3TR, STM32C011D6Y6TR, STM32C011F4P3, STM32C011F4P6, STM32C011F4U3, STM32C011F4U6TR, STM32C011F6P3, STM32C011F6P6, STM32C011F6U3, STM32C011F6U6TR, STM32C011J4M3, STM32C011J4M6, STM32C011J6M3, STM32C011J6M6, STM32C0316-DK, STM32C031C4T3, STM32C031C4T6, STM32C031C4U3, STM32C031C4U6, STM32C031C6T3, STM32C031C6T6, STM32C031C6U3, STM32C031C6U6, STM32C031F4P3, STM32C031F4P6, STM32C031F6P3, STM32C031F6P6, STM32C031G4U3, STM32C031G4U6, STM32C031G6U3, STM32C031G6U6, STM32C031K4T3, STM32C031K4T6, STM32C031K4U3, STM32C031K4U6, STM32C031K6T3, STM32C031K6T6, STM32C031K6U3, STM32C031K6U6, STM32G071K8TXN, STM32G071K8UXN, STM32G081GBU6N, STM32G081KBT6N, STM32G081KBUXN, STM32G0B1CCT6N, STM32G0B1KCT6, STM32G0B1NEY6TR, STM32G0B1RCT6N, STM32G0C1CCT6, STM32G0C1CCT6N, STM32G0C1CCU6N, STM32G0C1CET6N, STM32G0C1CEU6N, STM32G0C1KCT6, STM32G0C1NEY6TR, STM32G0C1RCI6N, STM32G0C1RCT6N, STM32G0C1REI6N, STM32G0C1RET6N, STM32G0C1VCI6, STM32G0C1VEI6, STM32G471CCT6, STM32G471CCU6, STM32G471CET3, STM32G471CET6, STM32G471CEU3, STM32G471CEU6, STM32G471MCT6, STM32G471MET3, STM32G471MET6, STM32G471MEY6TR, STM32G471QCT6, STM32G471QET3, STM32G471RCT6, STM32G471RET3, STM32G471RET6, STM32G471VCH6, STM32G471VCI6, STM32G471VCT6, STM32G471VEH3, STM32G471VEH6, STM32G471VEI3, STM32G471VEI6, STM32G471VET3, STM32G471VET6, STM32G474CCT6, STM32H503CBT6, STM32H503CBU6, STM32H503EBY6TR, STM32H503KBU6, STM32H503RBT6, STM32H562AGI6, STM32H562AII6, STM32H562IGK6, STM32H562IGT6, STM32H562IIK6, STM32H562IIT6, STM32H562RGT6, STM32H562RGV6, STM32H562RIT6, STM32H562RIV6, STM32H562VGT6, STM32H562VIT6, STM32H562ZGT6, STM32H562ZIT6, STM32H563AGI6, STM32H563AII3Q, STM32H563AII6, STM32H563IGK6, STM32H563IGT6, STM32H563IIK3Q, STM32H563IIK6, STM32H563IIT3Q, STM32H563IIT6, STM32H563MIY3QTR, STM32H563RGT6, STM32H563RGV6, STM32H563RIT6, STM32H563RIV6, STM32H563VGT6, STM32H563VIT3Q, STM32H563VIT6, STM32H563ZGT6, STM32H563ZIT3Q, STM32H563ZIT6, STM32H573AII3Q, STM32H573AII6, STM32H573I-DK, STM32H573IIK3Q, STM32H573IIK6, STM32H573IIT3Q, STM32H573IIT6, STM32H573MIY3QTR, STM32H573RIT6, STM32H573RIV6, STM32H573VIT3Q, STM32H573VIT6, STM32H573ZIT3Q, STM32H573ZIT6, STM32L4R5QGI6STR, STM32MP131AAE3, STM32MP131AAF3, STM32MP131AAG3, STM32MP131CAE3, STM32MP131CAF3, STM32MP131CAG3, STM32MP131DAE7, STM32MP131DAF7, STM32MP131DAG7, STM32MP131FAE7, STM32MP131FAF7, STM32MP131FAG7, STM32MP133AAE3, STM32MP133AAF3, STM32MP133AAG3, STM32MP133CAE3, STM32MP133CAF3, STM32MP133CAG3, STM32MP133DAE7, STM32MP133DAF7, STM32MP133DAG7, STM32MP133FAE7, STM32MP133FAF7, STM32MP133FAG7, STM32MP135AAE3, STM32MP135AAF3, STM32MP135AAG3, STM32MP135CAE3, STM32MP135CAF3, STM32MP135CAG3, STM32MP135DAE7, STM32MP135DAF7, STM32MP135DAG7, STM32MP135F-DK, STM32MP135FAE7, STM32MP135FAF7, STM32MP135FAF7T, STM32MP135FAF7U, STM32MP135FAG7, STM32U535CBT6, STM32U535CBT6Q, STM32U535CBU6, STM32U535CBU6Q, STM32U535CCT6, STM32U535CCT6Q, STM32U535CCU6, STM32U535CCU6Q, STM32U535CET6, STM32U535CET6Q, STM32U535CEU6, STM32U535CEU6Q, STM32U535JEY6QTR, STM32U535NCY6QTR, STM32U535NEY6QTR, STM32U535RBI6, STM32U535RBI6Q, STM32U535RBT6, STM32U535RBT6Q, STM32U535RCI6, STM32U535RCI6Q, STM32U535RCT6, STM32U535RCT6Q, STM32U535REI6, STM32U535REI6Q, STM32U535RET6, STM32U535RET6Q, STM32U535VCI6, STM32U535VCI6Q, STM32U535VCT6, STM32U535VCT6Q, STM32U535VEI6, STM32U535VEI6Q, STM32U535VET6, STM32U535VET6Q, STM32U545CET6, STM32U545CET6Q, STM32U545CEU6, STM32U545CEU6Q, STM32U545JEY6QTR, STM32U545NEY6QTR, STM32U545REI6, STM32U545REI6Q, STM32U545RET6, STM32U545RET6Q, STM32U545VEI6, STM32U545VEI6Q, STM32U545VET6, STM32U545VET6Q, STM32U595AIH6, STM32U595AIH6Q, STM32U595AJH6, STM32U595AJH6Q, STM32U595QII6, STM32U595QII6Q, STM32U595QJI6, STM32U595QJI6Q, STM32U595RIT6, STM32U595RIT6Q, STM32U595RJT6, STM32U595RJT6Q, STM32U595VIT6, STM32U595VIT6Q, STM32U595VJT6, STM32U595VJT6Q, STM32U595ZIT6, STM32U595ZIT6Q, STM32U595ZIY6QTR, STM32U595ZJT6, STM32U595ZJT6Q, STM32U595ZJY6QTR, STM32U599BJY6QTR, STM32U599NIH6Q, STM32U599NJH6Q, STM32U599VIT6Q, STM32U599VJT6, STM32U599VJT6Q, STM32U599ZIT6Q, STM32U599ZIY6QTR, STM32U599ZJT6Q, STM32U599ZJY6QTR, STM32U5A5AJH6, STM32U5A5AJH6Q, STM32U5A5QJI6, STM32U5A5QJI6Q, STM32U5A5RJT6, STM32U5A5RJT6Q, STM32U5A5VJT6, STM32U5A5VJT6Q, STM32U5A5ZJT6, STM32U5A5ZJT6Q, STM32U5A5ZJY6QTR, STM32U5A9BJY6QTR, STM32U5A9J-DK, STM32U5A9NJH6Q, STM32U5A9VJT6Q, STM32U5A9ZJT6Q, STM32U5A9ZJY6QTR, STM32WB1MMCH6, STM32WBA52CEU6, STM32WBA52CEU6T, STM32WBA52CGU6, STM32WBA52CGU6T, STM32WL5MOCH6, STM32WL5MOCH6TR]
2023-09-09 11:40:04,352 [INFO] DbMcus:216 - Found 3825 MCUs, 3825 are supported
2023-09-09 11:40:04,362 [INFO] ApiDb:423 - Load user favorites file C:\Users\Admin/.stm32cubeide/favorites.mcus.txt: 0 item(s)
2023-09-09 11:40:04,363 [INFO] ApiDb:427 - User favorites MCUs=[]
2023-09-09 11:40:04,363 [INFO] DbMcus:222 - Set 0 / 0 favorites MCUs
2023-09-09 11:40:05,235 [ERROR] LogOutputStream:75 - [STDERR_REDIRECT] SLF4J: Failed to load class "org.slf4j.impl.StaticLoggerBinder".
2023-09-09 11:40:05,236 [ERROR] LogOutputStream:75 - [STDERR_REDIRECT] SLF4J: Defaulting to no-operation (NOP) logger implementation
2023-09-09 11:40:05,240 [ERROR] LogOutputStream:75 - [STDERR_REDIRECT] SLF4J: See http://www.slf4j.org/codes.html#StaticLoggerBinder for further details.
2023-09-09 11:40:05,760 [INFO] BoardInfo:880 - No configuration file found for board P-NUCLEO-WB55
2023-09-09 11:40:05,760 [INFO] DbBoards:157 - Kit is not supported: P-NUCLEO-WB55
2023-09-09 11:40:05,774 [INFO] BoardInfo:880 - No configuration file found for board STEVAL-BFA001V1B
2023-09-09 11:40:05,774 [INFO] DbBoards:157 - Kit is not supported: STEVAL-BFA001V1B
2023-09-09 11:40:05,777 [INFO] BoardInfo:880 - No configuration file found for board STEVAL-BFA001V2B
2023-09-09 11:40:05,778 [INFO] DbBoards:157 - Kit is not supported: STEVAL-BFA001V2B
2023-09-09 11:40:05,793 [INFO] BoardInfo:880 - No configuration file found for board STEVAL-SMARTAG2
2023-09-09 11:40:05,793 [INFO] DbBoards:157 - Board is not supported: STEVAL-SMARTAG2
2023-09-09 11:40:06,070 [INFO] DbBoards:161 - Found 188 boards, 184 are supported
2023-09-09 11:40:06,075 [INFO] ApiDb:423 - Load user favorites file C:\Users\Admin/.stm32cubeide/favorites.boards.txt: 0 item(s)
2023-09-09 11:40:06,075 [INFO] ApiDb:427 - User favorites Boards=[]
2023-09-09 11:40:06,075 [INFO] DbBoards:190 - Set 0 / 0 favorites Boards
2023-09-09 11:40:06,076 [INFO] McuFinderGlobals:66 - Set McuFinderConnectedMode to true
2023-09-09 11:40:06,101 [INFO] MultiScanPanel:200 - Auto-refresh data requested => check proxy status ongoing
2023-09-09 11:40:06,108 [INFO] FinderPluginLoader:95 - Searching for filters in installed packs
2023-09-09 11:40:09,150 [INFO] LoadUrlFilesThread:185 - End of LoadServerUrlFiles without Thread
2023-09-09 11:40:09,177 [INFO] DetailPanel:341 - Set advertising image to C:/Users/Admin/STM32Cube/Repository/\en.prom-stm32h5-mcu-finder.jpg
2023-09-09 11:40:46,530 [INFO] MainUpdater:2854 - connection check result : 10
2023-09-09 11:40:46,530 [INFO] MainUpdater:2854 - connection check result : 10
2023-09-09 11:40:46,657 [INFO] MicroXplorer:468 - Change Database Path : 
2023-09-09 11:40:46,657 [INFO] MicroXplorer:498 - Change Database Version : DB.6.0.81
2023-09-09 11:40:46,659 [WARN] ThirdParty:871 - waiting for thirdparty lock release [close project]
2023-09-09 11:40:46,659 [INFO] ThirdParty:873 - entering critical section [close project]
2023-09-09 11:40:46,667 [INFO] ThirdParty:883 - exiting critical section [close project]
2023-09-09 11:40:46,695 [INFO] PinOutPanel:1499 - setPackage(No Configuration,No Configuration)
2023-09-09 11:40:46,718 [INFO] UtilMem:75 - Begin LoadConfig() Used Memory: 308148040 Bytes (371195904)
2023-09-09 11:40:46,721 [INFO] MicroXplorer:468 - Change Database Path : 
2023-09-09 11:40:46,721 [INFO] MicroXplorer:498 - Change Database Version : DB.6.0.81
2023-09-09 11:40:46,721 [INFO] OpenFileManager:308 - Change cursor
2023-09-09 11:40:47,146 [INFO] Mcu:1937 - Initializing MCU STM32F103C6Ux STM32F103C6Ux 
2023-09-09 11:40:47,147 [INFO] Mcu:1950 - No CPN specified => set CPN to STM32F103C6U6A
2023-09-09 11:40:52,374 [INFO] Context:659 - Trying to add GPIOservice into a context  which must be forbidden
2023-09-09 11:40:53,104 [INFO] ImportTextPane:194 - (OptionalMessage_ERROR) Unable to find key (Mcu.ThirdPartyNb) in loaded IOC file
2023-09-09 11:40:53,104 [INFO] ImportTextPane:194 - (OptionalMessage_ERROR) Unable to find key (Mcu.PinsNb) in loaded IOC file
2023-09-09 11:40:53,104 [INFO] ImportTextPane:194 - (OptionalMessage_ERROR) Unable to find key (Mcu.IPNb) in loaded IOC file
2023-09-09 11:40:54,945 [INFO] RtosManager:555 - Registered RTOS mode: class=CMSIS, group=RTOS, mode=CMSIS_V1, owner=FREERTOS
2023-09-09 11:40:54,946 [INFO] RtosManager:555 - Registered RTOS mode: class=CMSIS, group=RTOS2, mode=CMSIS_V2, owner=FREERTOS
2023-09-09 11:40:54,946 [INFO] RtosManager:555 - Registered RTOS mode: class=RTOS, group=Core, mode=CMSIS_V1, owner=FREERTOS
2023-09-09 11:40:54,946 [INFO] RtosManager:555 - Registered RTOS mode: class=RTOS, group=Core, mode=CMSIS_V2, owner=FREERTOS
2023-09-09 11:40:54,947 [WARN] ModelIntegratedComponent:184 - Missing modes for component STMicroelectronics:FreeRTOS:0.0.1:STMicroelectronics:RTOS:FreeRTOS:Core:::10.2.0:
2023-09-09 11:40:55,116 [WARN] ModelIntegratedComponent:63 - No mode defined for component null
2023-09-09 11:40:55,116 [WARN] ModelIntegratedComponent:63 - No mode defined for component null
2023-09-09 11:40:55,116 [WARN] ModelIntegratedComponent:63 - No mode defined for component null
2023-09-09 11:40:55,116 [WARN] ModelIntegratedComponent:63 - No mode defined for component null
2023-09-09 11:40:55,117 [WARN] ModelIntegratedComponent:63 - No mode defined for component null
2023-09-09 11:40:55,117 [WARN] ModelIntegratedComponent:63 - No mode defined for component null
2023-09-09 11:40:55,117 [WARN] ModelIntegratedComponent:63 - No mode defined for component null
2023-09-09 11:40:55,117 [WARN] ModelIntegratedComponent:63 - No mode defined for component null
2023-09-09 11:40:55,117 [WARN] ModelIntegratedComponent:63 - No mode defined for component null
2023-09-09 11:40:55,118 [WARN] ModelIntegratedComponent:63 - No mode defined for component null
2023-09-09 11:40:55,118 [WARN] ModelIntegratedComponent:63 - No mode defined for component null
2023-09-09 11:40:55,118 [WARN] ModelIntegratedComponent:63 - No mode defined for component null
2023-09-09 11:40:55,118 [WARN] ModelIntegratedComponent:63 - No mode defined for component null
2023-09-09 11:40:55,118 [WARN] ModelIntegratedComponent:63 - No mode defined for component null
2023-09-09 11:40:55,118 [WARN] ModelIntegratedComponent:63 - No mode defined for component null
2023-09-09 11:40:55,119 [WARN] ModelIntegratedComponent:63 - No mode defined for component null
2023-09-09 11:40:55,119 [WARN] ModelIntegratedComponent:63 - No mode defined for component null
2023-09-09 11:40:55,119 [WARN] ModelIntegratedComponent:63 - No mode defined for component null
2023-09-09 11:40:55,119 [WARN] ModelIntegratedComponent:63 - No mode defined for component null
2023-09-09 11:40:55,120 [WARN] ModelIntegratedComponent:63 - No mode defined for component null
2023-09-09 11:40:55,120 [WARN] ModelIntegratedComponent:63 - No mode defined for component null
2023-09-09 11:40:55,120 [WARN] ModelIntegratedComponent:63 - No mode defined for component null
2023-09-09 11:40:55,120 [WARN] ModelIntegratedComponent:63 - No mode defined for component null
2023-09-09 11:40:55,121 [WARN] ModelIntegratedComponent:63 - No mode defined for component null
2023-09-09 11:40:55,121 [WARN] ModelIntegratedComponent:63 - No mode defined for component null
2023-09-09 11:40:55,121 [WARN] ModelIntegratedComponent:63 - No mode defined for component null
2023-09-09 11:40:55,121 [WARN] ModelIntegratedComponent:63 - No mode defined for component null
2023-09-09 11:40:55,121 [WARN] ModelIntegratedComponent:63 - No mode defined for component null
2023-09-09 11:40:55,122 [WARN] ModelIntegratedComponent:63 - No mode defined for component null
2023-09-09 11:40:55,122 [WARN] ModelIntegratedComponent:63 - No mode defined for component null
2023-09-09 11:40:55,122 [WARN] ModelIntegratedComponent:63 - No mode defined for component null
2023-09-09 11:40:55,122 [WARN] ModelIntegratedComponent:63 - No mode defined for component null
2023-09-09 11:40:55,122 [WARN] ModelIntegratedComponent:63 - No mode defined for component null
2023-09-09 11:40:55,341 [INFO] ThirdPartyModel:298 - Start build external matchings
2023-09-09 11:40:57,433 [INFO] ThirdPartyModel:316 - End build external matchings
2023-09-09 11:40:58,398 [INFO] UtilMem:75 - End LoadConfig() Used Memory: 342392512 Bytes (471859200)
2023-09-09 11:40:58,429 [WARN] ThirdParty:833 - waiting for thirdparty lock release [change project]
2023-09-09 11:40:58,430 [INFO] ThirdParty:835 - entering critical section [change project]
2023-09-09 11:40:58,431 [INFO] ThirdParty:1030 - CMSIS Pack Vendor :STMicroelectronics X-CUBE-ISPU 1.1.0
2023-09-09 11:40:58,431 [INFO] ThirdParty:1030 - CMSIS Pack Vendor :STMicroelectronics X-CUBE-GNSS1 6.0.0
2023-09-09 11:40:58,431 [INFO] ThirdParty:1030 - CMSIS Pack Vendor :STMicroelectronics USB_HOST 2.0.0
2023-09-09 11:40:58,431 [INFO] ThirdParty:1030 - CMSIS Pack Vendor :STMicroelectronics X-CUBE-AZRTOS-F4 1.1.0
2023-09-09 11:40:58,432 [INFO] ThirdParty:1030 - CMSIS Pack Vendor :STMicroelectronics LIBJPEG 8.0.0
2023-09-09 11:40:58,432 [INFO] ThirdParty:1030 - CMSIS Pack Vendor :STMicroelectronics X-CUBE-SMBUS 2.1.0
2023-09-09 11:40:58,432 [INFO] ThirdParty:1030 - CMSIS Pack Vendor :wolfSSL I-CUBE-wolfSSL 5.6.0
2023-09-09 11:40:58,434 [INFO] ThirdParty:1030 - CMSIS Pack Vendor :STMicroelectronics USB_DEVICE 3.0.0
2023-09-09 11:40:58,434 [INFO] ThirdParty:1030 - CMSIS Pack Vendor :STMicroelectronics X-CUBE-AZRTOS-WB 2.0.0
2023-09-09 11:40:58,434 [INFO] ThirdParty:1030 - CMSIS Pack Vendor :STMicroelectronics X-CUBE-FREERTOS 1.0.1
2023-09-09 11:40:58,434 [INFO] ThirdParty:1030 - CMSIS Pack Vendor :STMicroelectronics X-CUBE-AZRTOS-F7 1.1.0
2023-09-09 11:40:58,435 [INFO] ThirdParty:1030 - CMSIS Pack Vendor :STMicroelectronics X-CUBE-TOUCHGFX 4.21.4
2023-09-09 11:40:58,436 [INFO] ThirdParty:1030 - CMSIS Pack Vendor :STMicroelectronics X-CUBE-AZRTOS-L5 2.0.0
2023-09-09 11:40:58,436 [INFO] ThirdParty:1030 - CMSIS Pack Vendor :STMicroelectronics USB_DEVICE 2.0.0
2023-09-09 11:40:58,436 [INFO] ThirdParty:1030 - CMSIS Pack Vendor :STMicroelectronics X-CUBE-MEMS1 9.6.0
2023-09-09 11:40:58,436 [INFO] ThirdParty:1030 - CMSIS Pack Vendor :STMicroelectronics FP-SNS-MOTENV1 4.3.2
2023-09-09 11:40:58,437 [INFO] ThirdParty:1030 - CMSIS Pack Vendor :STMicroelectronics FP-SNS-MOTENV1 4.3.1
2023-09-09 11:40:58,439 [INFO] ThirdParty:1030 - CMSIS Pack Vendor :STMicroelectronics FP-SNS-FLIGHT1 5.0.1
2023-09-09 11:40:58,439 [INFO] ThirdParty:1030 - CMSIS Pack Vendor :STMicroelectronics X-CUBE-ALGOBUILD 1.3.0
2023-09-09 11:40:58,439 [INFO] ThirdParty:1030 - CMSIS Pack Vendor :STMicroelectronics X-CUBE-BLE1 6.2.4
2023-09-09 11:40:58,439 [INFO] ThirdParty:1030 - CMSIS Pack Vendor :STMicroelectronics X-CUBE-AZRTOS-L5 1.1.0
2023-09-09 11:40:58,448 [INFO] ThirdParty:1030 - CMSIS Pack Vendor :STMicroelectronics FreeRTOS 0.0.1
2023-09-09 11:40:58,449 [INFO] ThirdParty:1030 - CMSIS Pack Vendor :STMicroelectronics X-CUBE-AZRTOS-G0 1.1.0
2023-09-09 11:40:58,449 [INFO] ThirdParty:1030 - CMSIS Pack Vendor :emotas I-CUBE-CANOPEN 1.1.3
2023-09-09 11:40:58,449 [INFO] ThirdParty:1030 - CMSIS Pack Vendor :STMicroelectronics X-CUBE-BLEMGR 2.0.0
2023-09-09 11:40:58,449 [INFO] ThirdParty:1030 - CMSIS Pack Vendor :STMicroelectronics X-CUBE-AI 8.0.1
2023-09-09 11:40:58,449 [INFO] ThirdParty:1030 - CMSIS Pack Vendor :STMicroelectronics X-CUBE-NFC4 3.0.0
2023-09-09 11:40:58,450 [INFO] ThirdParty:1030 - CMSIS Pack Vendor :STMicroelectronics X-CUBE-SUBG2 5.0.0
2023-09-09 11:40:58,450 [INFO] ThirdParty:1030 - CMSIS Pack Vendor :STMicroelectronics STM32_WPAN 1.0.0
2023-09-09 11:40:58,450 [INFO] ThirdParty:1030 - CMSIS Pack Vendor :STMicroelectronics lwIP 2.0.3
2023-09-09 11:40:58,450 [INFO] ThirdParty:1030 - CMSIS Pack Vendor :STMicroelectronics USB_HOST 1.0.0
2023-09-09 11:40:58,451 [INFO] ThirdParty:1030 - CMSIS Pack Vendor :STMicroelectronics X-CUBE-TOF1 3.3.1
2023-09-09 11:40:58,451 [INFO] ThirdParty:1030 - CMSIS Pack Vendor :STMicroelectronics X-CUBE-AZRTOS-G4 2.0.0
2023-09-09 11:40:58,451 [INFO] ThirdParty:1030 - CMSIS Pack Vendor :STMicroelectronics PDM2PCM 3.1.0
2023-09-09 11:40:58,451 [INFO] ThirdParty:1030 - CMSIS Pack Vendor :STMicroelectronics X-CUBE-AZRTOS-H7 3.1.0
2023-09-09 11:40:58,451 [INFO] ThirdParty:1030 - CMSIS Pack Vendor :STMicroelectronics X-CUBE-TOF1 3.3.0
2023-09-09 11:40:58,451 [INFO] ThirdParty:1030 - CMSIS Pack Vendor :STMicroelectronics PDM2PCM 3.3.0
2023-09-09 11:40:58,452 [INFO] ThirdParty:1030 - CMSIS Pack Vendor :STMicroelectronics X-CUBE-DISPLAY 3.0.0
2023-09-09 11:40:58,452 [INFO] ThirdParty:1030 - CMSIS Pack Vendor :STMicroelectronics FP-ATR-SIGFOX1 3.2.0
2023-09-09 11:40:58,452 [INFO] ThirdParty:1030 - CMSIS Pack Vendor :STMicroelectronics HAL Drivers 0.0.0
2023-09-09 11:40:58,452 [INFO] ThirdParty:1030 - CMSIS Pack Vendor :STMicroelectronics MBEDTLS 2.16.2
2023-09-09 11:40:58,452 [INFO] ThirdParty:1030 - CMSIS Pack Vendor :STMicroelectronics X-CUBE-FREERTOS 1.1.0
2023-09-09 11:40:58,453 [INFO] ThirdParty:1030 - CMSIS Pack Vendor :STMicroelectronics X-CUBE-TOUCHGFX 4.22.0
2023-09-09 11:40:58,453 [INFO] ThirdParty:1030 - CMSIS Pack Vendor :STMicroelectronics X-CUBE-NFC7 1.0.1
2023-09-09 11:40:58,453 [INFO] ThirdParty:1030 - CMSIS Pack Vendor :STMicroelectronics MBEDTLS 2.14.1
2023-09-09 11:40:58,453 [INFO] ThirdParty:1030 - CMSIS Pack Vendor :STMicroelectronics X-CUBE-NFC6 3.0.0
2023-09-09 11:40:58,453 [INFO] ThirdParty:1030 - CMSIS Pack Vendor :STMicroelectronics X-CUBE-EEPRMA1 4.1.0
2023-09-09 11:40:58,454 [INFO] ThirdParty:1030 - CMSIS Pack Vendor :portGmbH I-Cube-SoM-uGOAL 1.1.0
2023-09-09 11:40:58,454 [INFO] ThirdParty:1030 - CMSIS Pack Vendor :STMicroelectronics X-CUBE-ALS 1.0.1
2023-09-09 11:40:58,454 [INFO] ThirdParty:1030 - CMSIS Pack Vendor :STMicroelectronics ThreadX 1.0.0
2023-09-09 11:40:58,454 [INFO] ThirdParty:1030 - CMSIS Pack Vendor :STMicroelectronics FP-SNS-SMARTAG2 1.2.0
2023-09-09 11:40:58,454 [INFO] ThirdParty:1030 - CMSIS Pack Vendor :STMicroelectronics X-CUBE-AZRTOS-WB 1.1.0
2023-09-09 11:40:58,455 [INFO] ThirdParty:1030 - CMSIS Pack Vendor :STMicroelectronics X-CUBE-AZRTOS-WL 2.0.0
2023-09-09 11:40:58,455 [INFO] ThirdParty:1030 - CMSIS Pack Vendor :SEGGER I-CUBE-embOS 1.3.1
2023-09-09 11:40:58,455 [INFO] ThirdParty:1030 - CMSIS Pack Vendor :STMicroelectronics USB_DEVICE 1.0.0
2023-09-09 11:40:58,455 [INFO] ThirdParty:1030 - CMSIS Pack Vendor :STMicroelectronics X-CUBE-AZRTOS-L4 2.0.0
2023-09-09 11:40:58,458 [INFO] ThirdParty:1030 - CMSIS Pack Vendor :STMicroelectronics ThreadX 0.0.2
2023-09-09 11:40:58,458 [INFO] ThirdParty:1030 - CMSIS Pack Vendor :WES I-CUBE-Cesium 1.3.0
2023-09-09 11:40:58,459 [INFO] ThirdParty:1030 - CMSIS Pack Vendor :STMicroelectronics FP-ATR-ASTRA1 2.0.0
2023-09-09 11:40:58,459 [INFO] ThirdParty:1030 - CMSIS Pack Vendor :STMicroelectronics lwIP 2.1.2
2023-09-09 11:40:58,460 [INFO] ThirdParty:1030 - CMSIS Pack Vendor :STMicroelectronics X-CUBE-SFXS2LP1 4.0.0
2023-09-09 11:40:58,461 [INFO] ThirdParty:1030 - CMSIS Pack Vendor :STMicroelectronics X-CUBE-BLE2 3.3.0
2023-09-09 11:40:58,461 [INFO] ThirdParty:1030 - CMSIS Pack Vendor :STMicroelectronics PDM2PCM 3.2.0
2023-09-09 11:40:58,461 [INFO] ThirdParty:841 - exiting critical section [change project]
2023-09-09 11:40:59,243 [INFO] PinOutPanel:1499 - setPackage(No Configuration,No Configuration)
2023-09-09 11:40:59,244 [INFO] PinOutPanel:1499 - setPackage(STM32F103C6Ux,UFQFPN48)
2023-09-09 11:41:01,466 [INFO] UtilMem:75 - Before build in PCC Used Memory: 320115992 Bytes (471859200)
2023-09-09 11:41:05,366 [INFO] UtilMem:75 - After build in PCC Used Memory: 361901024 Bytes (519045120)
2023-09-09 11:41:05,522 [INFO] IPUIPlugin:80 - create IPUIPlugin
2023-09-09 11:41:05,523 [INFO] IPUIPlugin:80 - create IPUIPlugin
2023-09-09 11:41:05,523 [INFO] IPUIPlugin:80 - create IPUIPlugin
2023-09-09 11:41:05,524 [INFO] IPUIPlugin:80 - create IPUIPlugin
2023-09-09 11:41:05,524 [INFO] IPUIPlugin:80 - create IPUIPlugin
2023-09-09 11:41:05,524 [INFO] IPUIPlugin:80 - create IPUIPlugin
2023-09-09 11:41:05,524 [INFO] IPUIPlugin:80 - create IPUIPlugin
2023-09-09 11:41:05,525 [INFO] IPUIPlugin:80 - create IPUIPlugin
2023-09-09 11:41:05,525 [INFO] IPUIPlugin:80 - create IPUIPlugin
2023-09-09 11:41:05,526 [INFO] IPUIPlugin:80 - create IPUIPlugin
2023-09-09 11:41:05,526 [INFO] IPUIPlugin:80 - create IPUIPlugin
2023-09-09 11:41:05,527 [INFO] IPUIPlugin:80 - create IPUIPlugin
2023-09-09 11:41:05,527 [INFO] IPUIPlugin:80 - create IPUIPlugin
2023-09-09 11:41:05,528 [INFO] IPUIPlugin:80 - create IPUIPlugin
2023-09-09 11:41:05,529 [INFO] IPUIPlugin:80 - create IPUIPlugin
2023-09-09 11:41:05,529 [INFO] IPUIPlugin:80 - create IPUIPlugin
2023-09-09 11:41:05,530 [INFO] IPUIPlugin:80 - create IPUIPlugin
2023-09-09 11:41:05,531 [INFO] IPUIPlugin:80 - create IPUIPlugin
2023-09-09 11:41:05,531 [INFO] IPUIPlugin:80 - create IPUIPlugin
2023-09-09 11:41:05,532 [INFO] IPUIPlugin:80 - create IPUIPlugin
2023-09-09 11:41:05,533 [INFO] IPUIPlugin:80 - create IPUIPlugin
2023-09-09 11:41:05,534 [INFO] IPUIPlugin:80 - create IPUIPlugin
2023-09-09 11:41:05,536 [INFO] IPUIPlugin:80 - create IPUIPlugin
2023-09-09 11:41:06,733 [INFO] CADModel:165 - CPN selected for project levelSTM32F103C6U6A
2023-09-09 11:41:06,734 [INFO] CADModel:114 - Register for checkConnection events
2023-09-09 11:41:06,811 [INFO] OpenFileManager:328 - Restore cursor
2023-09-09 11:41:09,000 [INFO] UtilMem:75 - End SaveConfig() Used Memory: 361296672 Bytes (519045120)
2023-09-09 11:41:09,137 [INFO] UtilMem:75 - End SaveConfig() Used Memory: 371772416 Bytes (519045120)
2023-09-09 11:41:10,296 [INFO] BlockDiagram:2759 - set Specific Code input for plugin: NVIC
2023-09-09 11:41:10,298 [INFO] BlockDiagram:2759 - set Specific Code input for plugin: RCC
2023-09-09 11:41:10,300 [INFO] CodeGenerator:793 - code generatio: config db path: C:\ST\STM32CubeIDE_1.12.1\STM32CubeIDE\plugins\com.st.stm32cube.common.mx_6.8.1.202304191431\\db\
2023-09-09 11:41:12,820 [INFO] CodeEngine:255 - oldGeneratedFile, D:\231_semester\Microprocessor\Lab_1_demo\lab_1\MXTmpFiles\license.tmp_save
2023-09-09 11:41:15,329 [INFO] CodeEngine:279 - Generated code: D:\231_semester\Microprocessor\Lab_1_demo\lab_1\MXTmpFiles\license.tmp
2023-09-09 11:41:15,355 [INFO] CodeEngine:255 - oldGeneratedFile, D:\231_semester\Microprocessor\Lab_1_demo\lab_1\Core\Src\stm32f1xx_it.c_save
2023-09-09 11:41:15,856 [INFO] CodeEngine:279 - Generated code: D:\231_semester\Microprocessor\Lab_1_demo\lab_1\Core\Src\stm32f1xx_it.c
2023-09-09 11:41:15,860 [INFO] CodeEngine:255 - oldGeneratedFile, D:\231_semester\Microprocessor\Lab_1_demo\lab_1\Core\Inc\stm32f1xx_it.h_save
2023-09-09 11:41:16,113 [INFO] CodeEngine:279 - Generated code: D:\231_semester\Microprocessor\Lab_1_demo\lab_1\Core\Inc\stm32f1xx_it.h
2023-09-09 11:41:16,341 [INFO] CodeEngine:255 - oldGeneratedFile, D:\231_semester\Microprocessor\Lab_1_demo\lab_1\Core\Src\stm32f1xx_hal_msp.c_save
2023-09-09 11:41:17,337 [INFO] CodeEngine:279 - Generated code: D:\231_semester\Microprocessor\Lab_1_demo\lab_1\Core\Src\stm32f1xx_hal_msp.c
2023-09-09 11:41:17,344 [INFO] CodeEngine:255 - oldGeneratedFile, D:\231_semester\Microprocessor\Lab_1_demo\lab_1\MXTmpFiles\system.tmp_save
2023-09-09 11:41:17,517 [INFO] CodeEngine:279 - Generated code: D:\231_semester\Microprocessor\Lab_1_demo\lab_1\MXTmpFiles\system.tmp
2023-09-09 11:41:17,532 [INFO] CodeEngine:311 - oldGeneratedFile, D:\231_semester\Microprocessor\Lab_1_demo\lab_1\Core\Inc\stm32f1xx_hal_conf.h_save
2023-09-09 11:41:17,986 [INFO] CodeEngine:335 - Generated code: D:\231_semester\Microprocessor\Lab_1_demo\lab_1\Core\Inc\stm32f1xx_hal_conf.h
2023-09-09 11:41:18,116 [INFO] CodeEngine:255 - oldGeneratedFile, D:\231_semester\Microprocessor\Lab_1_demo\lab_1\Core\Inc\main.h_save
2023-09-09 11:41:18,438 [INFO] CodeEngine:279 - Generated code: D:\231_semester\Microprocessor\Lab_1_demo\lab_1\Core\Inc\main.h
2023-09-09 11:41:18,448 [INFO] CodeEngine:255 - oldGeneratedFile, D:\231_semester\Microprocessor\Lab_1_demo\lab_1\Core\Src\main.c_save
2023-09-09 11:41:18,776 [INFO] CodeEngine:279 - Generated code: D:\231_semester\Microprocessor\Lab_1_demo\lab_1\Core\Src\main.c
2023-09-09 11:41:20,803 [INFO] ProjectBuilder:2996 - Time for Copy HAL[1] : 216mS.
2023-09-09 11:41:20,881 [INFO] ProjectBuilder:4304 - Project Generator version: 3.19.2
2023-09-09 11:41:21,560 [INFO] ConfigFileManager:1483 - The Die is : DIE412
2023-09-09 11:41:21,588 [INFO] ApiDbMcu:507 - Load IP Config File for FATFS
2023-09-09 11:41:21,662 [INFO] ApiDbMcu:507 - Load IP Config File for FREERTOS
2023-09-09 11:41:21,713 [INFO] ApiDbMcu:507 - Load IP Config File for USB_DEVICE
2023-09-09 11:41:23,731 [INFO] LogOutputStream:77 - [STDOUT_REDIRECT] 
2023-09-09 11:41:30,635 [INFO] ProjectBuilder:4505 - Time for Generating toolchain IDE Files: 9753mS.
2023-09-09 11:41:30,637 [INFO] ProjectBuilder:2867 - Time for Copy CMSIS : 0mS.
2023-09-09 11:41:30,641 [INFO] ProjectBuilder:2867 - Time for Copy CMSIS : 0mS.
2023-09-09 11:41:32,759 [INFO] McuFinderGlobals:66 - Set McuFinderConnectedMode to true
2023-09-09 11:41:32,762 [INFO] ApiDb:448 - Save user favorites file C:\Users\Admin/.stm32cubeide/favorites.mcus.txt: 0 item(s)
2023-09-09 11:41:32,762 [INFO] ApiDb:452 - User favorites MCUs=[]
2023-09-09 11:42:00,165 [INFO] UtilMem:75 - End SaveConfig() Used Memory: 580734680 Bytes (908066816)
2023-09-09 11:42:02,700 [INFO] UtilMem:75 - End SaveConfig() Used Memory: 648632256 Bytes (908066816)
2023-09-09 11:42:11,524 [INFO] UtilMem:75 - End SaveConfig() Used Memory: 496561936 Bytes (908066816)
2023-09-09 11:42:12,208 [INFO] BlockDiagram:2759 - set Specific Code input for plugin: NVIC
2023-09-09 11:42:12,208 [INFO] BlockDiagram:2759 - set Specific Code input for plugin: GPIO
2023-09-09 11:42:12,209 [INFO] BlockDiagram:2759 - set Specific Code input for plugin: RCC
2023-09-09 11:42:12,209 [INFO] CodeGenerator:793 - code generatio: config db path: C:\ST\STM32CubeIDE_1.12.1\STM32CubeIDE\plugins\com.st.stm32cube.common.mx_6.8.1.202304191431\\db\
2023-09-09 11:42:12,633 [INFO] CodeEngine:255 - oldGeneratedFile, D:\231_semester\Microprocessor\Lab_1_demo\lab_1\MXTmpFiles\license.tmp_save
2023-09-09 11:42:13,436 [INFO] CodeEngine:279 - Generated code: D:\231_semester\Microprocessor\Lab_1_demo\lab_1\MXTmpFiles\license.tmp
2023-09-09 11:42:13,535 [INFO] CodeEngine:255 - oldGeneratedFile, D:\231_semester\Microprocessor\Lab_1_demo\lab_1\MXTmpFiles\gpio.tmp_save
2023-09-09 11:42:14,628 [INFO] CodeEngine:279 - Generated code: D:\231_semester\Microprocessor\Lab_1_demo\lab_1\MXTmpFiles\gpio.tmp
2023-09-09 11:42:14,740 [INFO] CodeEngine:255 - oldGeneratedFile, D:\231_semester\Microprocessor\Lab_1_demo\lab_1\Core\Src\stm32f1xx_it.c_save
2023-09-09 11:42:15,075 [INFO] CodeEngine:279 - Generated code: D:\231_semester\Microprocessor\Lab_1_demo\lab_1\Core\Src\stm32f1xx_it.c
2023-09-09 11:42:15,152 [INFO] CodeEngine:255 - oldGeneratedFile, D:\231_semester\Microprocessor\Lab_1_demo\lab_1\Core\Inc\stm32f1xx_it.h_save
2023-09-09 11:42:15,536 [INFO] CodeEngine:279 - Generated code: D:\231_semester\Microprocessor\Lab_1_demo\lab_1\Core\Inc\stm32f1xx_it.h
2023-09-09 11:42:15,639 [INFO] CodeEngine:255 - oldGeneratedFile, D:\231_semester\Microprocessor\Lab_1_demo\lab_1\Core\Src\stm32f1xx_hal_msp.c_save
2023-09-09 11:42:15,928 [INFO] CodeEngine:279 - Generated code: D:\231_semester\Microprocessor\Lab_1_demo\lab_1\Core\Src\stm32f1xx_hal_msp.c
2023-09-09 11:42:15,934 [INFO] CodeEngine:255 - oldGeneratedFile, D:\231_semester\Microprocessor\Lab_1_demo\lab_1\MXTmpFiles\system.tmp_save
2023-09-09 11:42:16,077 [INFO] CodeEngine:279 - Generated code: D:\231_semester\Microprocessor\Lab_1_demo\lab_1\MXTmpFiles\system.tmp
2023-09-09 11:42:16,171 [INFO] CodeEngine:311 - oldGeneratedFile, D:\231_semester\Microprocessor\Lab_1_demo\lab_1\Core\Inc\stm32f1xx_hal_conf.h_save
2023-09-09 11:42:16,441 [INFO] CodeEngine:335 - Generated code: D:\231_semester\Microprocessor\Lab_1_demo\lab_1\Core\Inc\stm32f1xx_hal_conf.h
2023-09-09 11:42:16,605 [INFO] CodeEngine:255 - oldGeneratedFile, D:\231_semester\Microprocessor\Lab_1_demo\lab_1\Core\Inc\main.h_save
2023-09-09 11:42:16,882 [INFO] CodeEngine:279 - Generated code: D:\231_semester\Microprocessor\Lab_1_demo\lab_1\Core\Inc\main.h
2023-09-09 11:42:16,906 [INFO] CodeEngine:255 - oldGeneratedFile, D:\231_semester\Microprocessor\Lab_1_demo\lab_1\Core\Src\main.c_save
2023-09-09 11:42:17,378 [INFO] CodeEngine:279 - Generated code: D:\231_semester\Microprocessor\Lab_1_demo\lab_1\Core\Src\main.c
2023-09-09 11:42:19,134 [INFO] ProjectBuilder:2996 - Time for Copy HAL[1] : 340mS.
2023-09-09 11:42:19,139 [INFO] ProjectBuilder:4304 - Project Generator version: 3.19.2
2023-09-09 11:42:20,830 [INFO] ConfigFileManager:1483 - The Die is : DIE412
2023-09-09 11:42:29,936 [INFO] ProjectBuilder:4505 - Time for Generating toolchain IDE Files: 10797mS.
2023-09-09 11:42:29,937 [INFO] ProjectBuilder:2867 - Time for Copy CMSIS : 0mS.
2023-09-09 11:42:29,940 [INFO] ProjectBuilder:2867 - Time for Copy CMSIS : 0mS.
